2015-01-06T22:31:10.668Z - getMeasureByDimensionData: parameters ok
2015-01-06T22:31:10.669Z - getMeasureByDimensionData: filters_strings = [object Object]
2015-01-06T22:31:10.669Z - Orchestrator::getMeasureByDimensionData
2015-01-06T22:31:10.669Z - Orchestrator::getMeasureByDimensionDBData
2015-01-06T22:31:10.691Z - getMeasureByDimensionData: filters_strings = [object Object]
2015-01-06T22:31:10.691Z - getMeasureByDimensionData: parameters ok
2015-01-06T22:31:10.691Z - Orchestrator::getMeasureByDimensionDBData
2015-01-06T22:31:10.691Z - Orchestrator::getMeasureByDimensionData
2015-01-06T22:31:10.714Z - Orchestrator::getMeasureByDimensionDBData filters {"When":{"$in":["2014-12-26","2014-12-27","2014-12-28","2014-12-29","2014-12-30"]},"Brand":{"$in":["LAMPA","Bosch","TomTom","Garmin"]}}
2015-01-06T22:31:10.714Z - Orchestrator::getMeasureByDimensionDBData collection [object Object]
2015-01-06T22:31:10.717Z - getBarChartData: parameters ok
2015-01-06T22:31:10.718Z - Orchestrator::getStackedMeasureByDimensionDBData
2015-01-06T22:31:10.717Z - Orchestrator::getStackedMeasureByDimensionData
2015-01-06T22:31:10.717Z - getBarChartData: filters_strings = [object Object]
2015-01-06T22:31:10.812Z - Orchestrator::getMeasureByDimensionDBData collection [object Object]
2015-01-06T22:31:10.812Z - Orchestrator::getMeasureByDimensionDBData filters {"When":{"$in":["2014-12-26","2014-12-27","2014-12-28","2014-12-29","2014-12-30"]},"Brand":{"$in":["LAMPA","Bosch","TomTom","Garmin"]}}
2015-01-06T22:31:10.857Z - Orchestrator::getStackedMeasureByDimensionDBData filters {"Brand":{"$in":["LAMPA","Bosch","TomTom","Garmin"]}}
2015-01-06T22:31:10.857Z - Orchestrator::getStackedMeasureByDimensionDBData collection [object Object]
2015-01-06T22:45:45.467Z - getMeasureByDimensionData: parameters ok
2015-01-06T22:45:45.468Z - Orchestrator::getMeasureByDimensionData
2015-01-06T22:45:45.468Z - Orchestrator::getMeasureByDimensionDBData
2015-01-06T22:45:45.475Z - getMeasureByDimensionData: parameters ok
2015-01-06T22:45:45.476Z - getMeasureByDimensionData: filters_strings = [object Object]
2015-01-06T22:45:45.476Z - Orchestrator::getMeasureByDimensionData
2015-01-06T22:45:45.476Z - Orchestrator::getMeasureByDimensionDBData
2015-01-06T22:45:45.483Z - getBarChartData: filters_strings = [object Object]
2015-01-06T22:45:45.467Z - getMeasureByDimensionData: filters_strings = [object Object]
2015-01-06T22:45:45.483Z - getBarChartData: parameters ok
2015-01-06T22:45:45.484Z - Orchestrator::getStackedMeasureByDimensionData
2015-01-06T22:45:45.484Z - Orchestrator::getStackedMeasureByDimensionDBData
2015-01-06T22:45:45.633Z - Orchestrator::getMeasureByDimensionDBData collection [object Object]
2015-01-06T22:45:45.633Z - Orchestrator::getMeasureByDimensionDBData filters {"When":{"$in":["2014-12-26","2014-12-27","2014-12-28","2014-12-29","2014-12-30"]},"Brand":{"$in":["LAMPA","Bosch","TomTom","Garmin"]}}
2015-01-06T22:45:45.812Z - Orchestrator::getMeasureByDimensionDBData collection [object Object]
2015-01-06T22:45:45.812Z - Orchestrator::getMeasureByDimensionDBData filters {"When":{"$in":["2014-12-26","2014-12-27","2014-12-28","2014-12-29","2014-12-30"]},"Brand":{"$in":["LAMPA","Bosch","TomTom","Garmin"]}}
2015-01-06T22:45:45.975Z - Orchestrator::getStackedMeasureByDimensionDBData collection [object Object]
2015-01-06T22:45:45.975Z - Orchestrator::getStackedMeasureByDimensionDBData filters {"Brand":{"$in":["LAMPA","Bosch","TomTom","Garmin"]}}
2015-01-06T22:46:24.297Z - getMeasureByDimensionData: parameters ok
2015-01-06T22:46:24.297Z - getMeasureByDimensionData: filters_strings = [object Object]
2015-01-06T22:46:24.297Z - Orchestrator::getMeasureByDimensionData
2015-01-06T22:46:24.298Z - Orchestrator::getMeasureByDimensionDBData
2015-01-06T22:46:24.313Z - getMeasureByDimensionData: parameters ok
2015-01-06T22:46:24.314Z - getMeasureByDimensionData: filters_strings = [object Object]
2015-01-06T22:46:24.314Z - Orchestrator::getMeasureByDimensionData
2015-01-06T22:46:24.314Z - Orchestrator::getMeasureByDimensionDBData
2015-01-06T22:46:24.323Z - getBarChartData: parameters ok
2015-01-06T22:46:24.323Z - getBarChartData: filters_strings = [object Object]
2015-01-06T22:46:24.323Z - Orchestrator::getStackedMeasureByDimensionData
2015-01-06T22:46:24.323Z - Orchestrator::getStackedMeasureByDimensionDBData
2015-01-06T22:46:24.413Z - Orchestrator::getMeasureByDimensionDBData collection [object Object]
2015-01-06T22:46:24.413Z - Orchestrator::getMeasureByDimensionDBData filters {"When":{"$in":["2014-12-26","2014-12-27","2014-12-28","2014-12-29","2014-12-30"]},"Brand":{"$in":["LAMPA","Bosch","TomTom","Garmin"]}}
2015-01-06T22:46:24.509Z - Orchestrator::getMeasureByDimensionDBData collection [object Object]
2015-01-06T22:46:24.509Z - Orchestrator::getMeasureByDimensionDBData filters {"When":{"$in":["2014-12-26","2014-12-27","2014-12-28","2014-12-29","2014-12-30"]},"Brand":{"$in":["LAMPA","Bosch","TomTom","Garmin"]}}
2015-01-06T22:46:24.583Z - Orchestrator::getStackedMeasureByDimensionDBData collection [object Object]
2015-01-06T22:46:24.583Z - Orchestrator::getStackedMeasureByDimensionDBData filters {"Brand":{"$in":["LAMPA","Bosch","TomTom","Garmin"]}}
2015-01-06T22:47:50.963Z - getMeasureByDimensionData: parameters ok
2015-01-06T22:47:50.963Z - getMeasureByDimensionData: filters_strings = [object Object]
2015-01-06T22:47:50.963Z - Orchestrator::getMeasureByDimensionData
2015-01-06T22:47:50.963Z - Orchestrator::getMeasureByDimensionDBData
2015-01-06T22:47:50.967Z - getMeasureByDimensionData: parameters ok
2015-01-06T22:47:50.968Z - getMeasureByDimensionData: filters_strings = [object Object]
2015-01-06T22:47:50.968Z - Orchestrator::getMeasureByDimensionData
2015-01-06T22:47:50.969Z - Orchestrator::getMeasureByDimensionDBData
2015-01-06T22:47:51.003Z - getBarChartData: parameters ok
2015-01-06T22:47:51.003Z - getBarChartData: filters_strings = [object Object]
2015-01-06T22:47:51.003Z - Orchestrator::getStackedMeasureByDimensionData
2015-01-06T22:47:51.004Z - Orchestrator::getStackedMeasureByDimensionDBData
2015-01-06T22:47:51.027Z - Orchestrator::getMeasureByDimensionDBData collection [object Object]
2015-01-06T22:47:51.028Z - Orchestrator::getMeasureByDimensionDBData filters {"When":{"$in":["2014-12-26","2014-12-27","2014-12-28","2014-12-29","2014-12-30"]},"Brand":{"$in":["LAMPA","Bosch","TomTom","Garmin"]}}
2015-01-06T22:47:51.093Z - Orchestrator::getMeasureByDimensionDBData collection [object Object]
2015-01-06T22:47:51.094Z - Orchestrator::getMeasureByDimensionDBData filters {"When":{"$in":["2014-12-26","2014-12-27","2014-12-28","2014-12-29","2014-12-30"]},"Brand":{"$in":["LAMPA","Bosch","TomTom","Garmin"]}}
2015-01-06T22:47:51.152Z - Orchestrator::getStackedMeasureByDimensionDBData collection [object Object]
2015-01-06T22:47:51.152Z - Orchestrator::getStackedMeasureByDimensionDBData filters {"Brand":{"$in":["LAMPA","Bosch","TomTom","Garmin"]}}
2015-01-06T22:48:53.606Z - getMeasureByDimensionData: parameters ok
2015-01-06T22:48:53.606Z - getMeasureByDimensionData: filters_strings = [object Object]
2015-01-06T22:48:53.606Z - Orchestrator::getMeasureByDimensionData
2015-01-06T22:48:53.607Z - Orchestrator::getMeasureByDimensionDBData
2015-01-06T22:48:53.612Z - getMeasureByDimensionData: parameters ok
2015-01-06T22:48:53.612Z - getMeasureByDimensionData: filters_strings = [object Object]
2015-01-06T22:48:53.613Z - Orchestrator::getMeasureByDimensionData
2015-01-06T22:48:53.613Z - Orchestrator::getMeasureByDimensionDBData
2015-01-06T22:48:53.629Z - getBarChartData: parameters ok
2015-01-06T22:48:53.629Z - getBarChartData: filters_strings = [object Object]
2015-01-06T22:48:53.630Z - Orchestrator::getStackedMeasureByDimensionData
2015-01-06T22:48:53.630Z - Orchestrator::getStackedMeasureByDimensionDBData
2015-01-06T22:48:53.676Z - Orchestrator::getMeasureByDimensionDBData collection [object Object]
2015-01-06T22:48:53.676Z - Orchestrator::getMeasureByDimensionDBData filters {"When":{"$in":["2014-12-26","2014-12-27","2014-12-28","2014-12-29","2014-12-30"]},"Brand":{"$in":["LAMPA","Bosch","TomTom","Garmin"]}}
2015-01-06T22:48:53.680Z - Orchestrator::getMeasureByDimensionDBData collection [object Object]
2015-01-06T22:48:53.680Z - Orchestrator::getMeasureByDimensionDBData filters {"When":{"$in":["2014-12-26","2014-12-27","2014-12-28","2014-12-29","2014-12-30"]},"Brand":{"$in":["LAMPA","Bosch","TomTom","Garmin"]}}
2015-01-06T22:48:53.741Z - Orchestrator::getStackedMeasureByDimensionDBData collection [object Object]
2015-01-06T22:48:53.742Z - Orchestrator::getStackedMeasureByDimensionDBData filters {"Brand":{"$in":["LAMPA","Bosch","TomTom","Garmin"]}}
2015-01-06T22:49:17.293Z - getMeasureByDimensionData: parameters ok
2015-01-06T22:49:17.293Z - getMeasureByDimensionData: filters_strings = [object Object]
2015-01-06T22:49:17.293Z - Orchestrator::getMeasureByDimensionData
2015-01-06T22:49:17.293Z - Orchestrator::getMeasureByDimensionDBData
2015-01-06T22:49:17.303Z - getMeasureByDimensionData: parameters ok
2015-01-06T22:49:17.304Z - getMeasureByDimensionData: filters_strings = [object Object]
2015-01-06T22:49:17.304Z - Orchestrator::getMeasureByDimensionData
2015-01-06T22:49:17.304Z - Orchestrator::getMeasureByDimensionDBData
2015-01-06T22:49:17.312Z - getBarChartData: parameters ok
2015-01-06T22:49:17.313Z - getBarChartData: filters_strings = [object Object]
2015-01-06T22:49:17.313Z - Orchestrator::getStackedMeasureByDimensionData
2015-01-06T22:49:17.313Z - Orchestrator::getStackedMeasureByDimensionDBData
2015-01-06T22:49:17.354Z - Orchestrator::getMeasureByDimensionDBData collection [object Object]
2015-01-06T22:49:17.354Z - Orchestrator::getMeasureByDimensionDBData filters {"When":{"$in":["2014-12-26","2014-12-27","2014-12-28","2014-12-29","2014-12-30"]},"Brand":{"$in":["LAMPA","Bosch","TomTom","Garmin"]}}
2015-01-06T22:49:17.361Z - Orchestrator::getMeasureByDimensionDBData collection [object Object]
2015-01-06T22:49:17.361Z - Orchestrator::getMeasureByDimensionDBData filters {"When":{"$in":["2014-12-26","2014-12-27","2014-12-28","2014-12-29","2014-12-30"]},"Brand":{"$in":["LAMPA","Bosch","TomTom","Garmin"]}}
2015-01-06T22:49:17.436Z - Orchestrator::getStackedMeasureByDimensionDBData collection [object Object]
2015-01-06T22:49:17.438Z - Orchestrator::getStackedMeasureByDimensionDBData filters {"Brand":{"$in":["LAMPA","Bosch","TomTom","Garmin"]}}
2015-01-06T22:50:23.540Z - getMeasureByDimensionData: parameters ok
2015-01-06T22:50:23.540Z - getMeasureByDimensionData: filters_strings = [object Object]
2015-01-06T22:50:23.540Z - Orchestrator::getMeasureByDimensionData
2015-01-06T22:50:23.540Z - Orchestrator::getMeasureByDimensionDBData
2015-01-06T22:50:23.550Z - getMeasureByDimensionData: parameters ok
2015-01-06T22:50:23.551Z - getMeasureByDimensionData: filters_strings = [object Object]
2015-01-06T22:50:23.551Z - Orchestrator::getMeasureByDimensionData
2015-01-06T22:50:23.551Z - Orchestrator::getMeasureByDimensionDBData
2015-01-06T22:50:23.555Z - getBarChartData: parameters ok
2015-01-06T22:50:23.555Z - getBarChartData: filters_strings = [object Object]
2015-01-06T22:50:23.555Z - Orchestrator::getStackedMeasureByDimensionData
2015-01-06T22:50:23.555Z - Orchestrator::getStackedMeasureByDimensionDBData
2015-01-06T22:50:23.660Z - Orchestrator::getMeasureByDimensionDBData collection [object Object]
2015-01-06T22:50:23.660Z - Orchestrator::getMeasureByDimensionDBData filters {"When":{"$in":["2014-12-26","2014-12-27","2014-12-28","2014-12-29","2014-12-30"]},"Brand":{"$in":["LAMPA","Bosch","TomTom","Garmin"]}}
2015-01-06T22:50:23.718Z - Orchestrator::getMeasureByDimensionDBData collection [object Object]
2015-01-06T22:50:23.719Z - Orchestrator::getMeasureByDimensionDBData filters {"When":{"$in":["2014-12-26","2014-12-27","2014-12-28","2014-12-29","2014-12-30"]},"Brand":{"$in":["LAMPA","Bosch","TomTom","Garmin"]}}
2015-01-06T22:50:23.930Z - Orchestrator::getStackedMeasureByDimensionDBData collection [object Object]
2015-01-06T22:50:23.931Z - Orchestrator::getStackedMeasureByDimensionDBData filters {"Brand":{"$in":["LAMPA","Bosch","TomTom","Garmin"]}}
